<?xml version="1.0" encoding="UTF-8"?>
<!-- Generated by org.testng.reporters.JUnitReportReporter -->
<testsuite skipped="0" hostname="QA110" name="com.rc.qa.testcases.ManageServices" tests="1" failures="0" timestamp="13 Feb 2019 08:46:47 GMT" time="54.588" errors="0">
  <testcase name="manageServices" time="54.588" classname="com.rc.qa.testcases.ManageServices"/>
</testsuite> <!-- com.rc.qa.testcases.ManageServices -->
