<?xml version="1.0" encoding="UTF-8"?>
<!-- Generated by org.testng.reporters.JUnitReportReporter -->
<testsuite hostname="swapnil-PC" failures="0" tests="1" name="com.uktd.qa.testcases.TenantToPurTenantFillFR" time="231.691" errors="0" timestamp="23 Jan 2019 20:33:59 GMT" skipped="0">
  <testcase classname="com.uktd.qa.testcases.TenantToPurTenantFillFR" name="FullReportTenantToPurTenantFill" time="231.691"/>
</testsuite> <!-- com.uktd.qa.testcases.TenantToPurTenantFillFR -->
