<?xml version="1.0" encoding="UTF-8"?>
<!-- Generated by org.testng.reporters.JUnitReportReporter -->
<testsuite hostname="swapnil-PC" failures="0" tests="3" name="com.uktd.qa.testcases.AddAgentTest" time="202.861" errors="0" timestamp="22 Jan 2019 20:47:55 GMT" skipped="0">
  <testcase classname="com.uktd.qa.testcases.AddAgentTest" name="addAgentTest" time="62.877"/>
  <testcase classname="com.uktd.qa.testcases.AddAgentTest" name="addAgentTest" time="82.820"/>
  <testcase classname="com.uktd.qa.testcases.AddAgentTest" name="addAgentTest" time="57.164"/>
</testsuite> <!-- com.uktd.qa.testcases.AddAgentTest -->
