<?xml version="1.0" encoding="UTF-8"?>
<!-- Generated by org.testng.reporters.JUnitReportReporter -->
<testsuite skipped="0" hostname="QA110" name="com.rc.qa.testcases.CleanerLogin" tests="1" failures="0" timestamp="12 Feb 2019 14:31:38 GMT" time="37.777" errors="0">
  <testcase name="cleanerLogin" time="37.777" classname="com.rc.qa.testcases.CleanerLogin"/>
</testsuite> <!-- com.rc.qa.testcases.CleanerLogin -->
