<?xml version="1.0" encoding="UTF-8"?>
<!-- Generated by org.testng.reporters.JUnitReportReporter -->
<testsuite skipped="0" hostname="QA90" name="com.uktd.qa.testcases.TenantToPurTenantFillFR" tests="1" failures="0" timestamp="25 Jan 2019 09:30:35 GMT" time="142.475" errors="0">
  <testcase name="FullReportTenantToPurTenantFill" time="142.475" classname="com.uktd.qa.testcases.TenantToPurTenantFillFR"/>
</testsuite> <!-- com.uktd.qa.testcases.TenantToPurTenantFillFR -->
