<?xml version="1.0" encoding="UTF-8"?>
<!-- Generated by org.testng.reporters.JUnitReportReporter -->
<testsuite hostname="swapnil-PC" failures="0" tests="1" name="com.uktd.qa.testcases.AgentToPurAgentFillFRTest" time="147.162" errors="0" timestamp="24 Jan 2019 20:33:36 GMT" skipped="0">
  <testcase classname="com.uktd.qa.testcases.AgentToPurAgentFillFRTest" name="FullReportAgentToPurAgentFill" time="147.162"/>
</testsuite> <!-- com.uktd.qa.testcases.AgentToPurAgentFillFRTest -->
