<?xml version="1.0" encoding="UTF-8"?>
<!-- Generated by org.testng.reporters.JUnitReportReporter -->
<testsuite skipped="0" hostname="QA90" name="com.uktd.qa.testcases.TenantToPurTenantFillCR" tests="1" failures="0" timestamp="25 Jan 2019 09:30:35 GMT" time="98.810" errors="0">
  <testcase name="CreditReportTenantToPurTenantFill" time="98.810" classname="com.uktd.qa.testcases.TenantToPurTenantFillCR"/>
</testsuite> <!-- com.uktd.qa.testcases.TenantToPurTenantFillCR -->
