<?xml version="1.0" encoding="UTF-8"?>
<!-- Generated by org.testng.reporters.JUnitReportReporter -->
<testsuite skipped="0" hostname="QA110" name="com.uktd.qa.testcases.TenantToPurTenantFillCR" tests="1" failures="0" timestamp="28 Jan 2019 14:48:43 GMT" time="76.810" errors="0">
  <testcase name="CreditReportTenantToPurTenantFill" time="76.810" classname="com.uktd.qa.testcases.TenantToPurTenantFillCR"/>
</testsuite> <!-- com.uktd.qa.testcases.TenantToPurTenantFillCR -->
