<?xml version="1.0" encoding="UTF-8"?>
<!-- Generated by org.testng.reporters.JUnitReportReporter -->
<testsuite skipped="0" hostname="QA110" name="com.rc.qa.testcases.ManageServices" tests="1" failures="0" timestamp="25 Feb 2019 09:49:21 GMT" time="49.223" errors="0">
  <testcase name="manageServices" time="49.223" classname="com.rc.qa.testcases.ManageServices"/>
</testsuite> <!-- com.rc.qa.testcases.ManageServices -->
