<?xml version="1.0" encoding="UTF-8"?>
<!-- Generated by org.testng.reporters.JUnitReportReporter -->
<testsuite skipped="0" hostname="QA90" name="com.uktd.qa.testcases.AgentToPurAgentFillCRTest" tests="1" failures="0" timestamp="25 Jan 2019 09:30:35 GMT" time="49.638" errors="0">
  <testcase name="AgentToPurAgentFillCR" time="49.638" classname="com.uktd.qa.testcases.AgentToPurAgentFillCRTest"/>
</testsuite> <!-- com.uktd.qa.testcases.AgentToPurAgentFillCRTest -->
