<?xml version="1.0" encoding="UTF-8"?>
<!-- Generated by org.testng.reporters.JUnitReportReporter -->
<testsuite hostname="swapnil-PC" failures="0" tests="2" name="com.uktd.qa.testcases.Step2andSte4RefrenceCheck" time="487.146" errors="0" timestamp="27 Jan 2019 14:13:29 GMT" skipped="0">
  <testcase classname="com.uktd.qa.testcases.Step2andSte4RefrenceCheck" name="RefChekofLandlordAndSelfEmployment" time="243.734"/>
  <testcase classname="com.uktd.qa.testcases.Step2andSte4RefrenceCheck" name="RefChekofLettingAgentAndLettingAgent" time="243.412"/>
</testsuite> <!-- com.uktd.qa.testcases.Step2andSte4RefrenceCheck -->
