<?xml version="1.0" encoding="UTF-8"?>
<!-- Generated by org.testng.reporters.JUnitReportReporter -->
<testsuite hostname="swapnil-PC" failures="0" tests="3" name="com.uktd.qa.testcases.AddAgentTest" time="535.446" errors="0" timestamp="13 Jan 2019 14:36:32 GMT" skipped="0">
  <testcase classname="com.uktd.qa.testcases.AddAgentTest" name="addAgentTest" time="268.574"/>
  <testcase classname="com.uktd.qa.testcases.AddAgentTest" name="addAgentTest" time="120.238"/>
  <testcase classname="com.uktd.qa.testcases.AddAgentTest" name="addAgentTest" time="146.634"/>
</testsuite> <!-- com.uktd.qa.testcases.AddAgentTest -->
