<?xml version="1.0" encoding="UTF-8"?>
<!-- Generated by org.testng.reporters.JUnitReportReporter -->
<testsuite skipped="0" hostname="QA90" name="com.uktd.qa.testcases.AgentToPurAgentFillTest" tests="1" failures="0" timestamp="16 Jan 2019 09:18:37 GMT" time="75.108" errors="0">
  <testcase name="FullReportAgentToPurAgentFill" time="75.108" classname="com.uktd.qa.testcases.AgentToPurAgentFillTest"/>
</testsuite> <!-- com.uktd.qa.testcases.AgentToPurAgentFillTest -->
