<?xml version="1.0" encoding="UTF-8"?>
<!-- Generated by org.testng.reporters.JUnitReportReporter -->
<testsuite hostname="swapnil-PC" failures="0" tests="1" name="com.uktd.qa.testcases.AgentToPurAgentFillTest" time="210.671" errors="0" timestamp="15 Jan 2019 19:51:01 GMT" skipped="0">
  <testcase classname="com.uktd.qa.testcases.AgentToPurAgentFillTest" name="FullReportAgentToPurAgentFill" time="210.671"/>
</testsuite> <!-- com.uktd.qa.testcases.AgentToPurAgentFillTest -->
