<?xml version="1.0" encoding="UTF-8"?>
<!-- Generated by org.testng.reporters.JUnitReportReporter -->
<testsuite hostname="swapnil-PC" failures="0" tests="2" name="com.uktd.qa.testcases.UnassignedPageTest" time="72.543" errors="0" timestamp="05 Jan 2019 18:20:58 GMT" skipped="1">
  <testcase classname="com.uktd.qa.testcases.UnassignedPageTest" name="goToIncompleteApplicantListing" time="72.543"/>
  <testcase classname="com.uktd.qa.testcases.UnassignedPageTest" name="PageNameTest">
    <skipped/>
  </testcase> <!-- PageNameTest -->
</testsuite> <!-- com.uktd.qa.testcases.UnassignedPageTest -->
