<?xml version="1.0" encoding="UTF-8"?>
<!-- Generated by org.testng.reporters.JUnitReportReporter -->
<testsuite hostname="swapnil-PC" failures="0" tests="1" name="com.uktd.qa.testcases.NewTest" time="205.000" errors="0" timestamp="27 Jan 2019 13:23:05 GMT" skipped="0">
  <testcase classname="com.uktd.qa.testcases.NewTest" name="RefChekofLettingAgentAndLettingAgent" time="205.000"/>
</testsuite> <!-- com.uktd.qa.testcases.NewTest -->
