<?xml version="1.0" encoding="UTF-8"?>
<!-- Generated by org.testng.reporters.JUnitReportReporter -->
<testsuite hostname="swapnil-PC" failures="0" tests="1" name="com.uktd.qa.testcases.AgentToPurAgentFillTest" time="178.145" errors="0" timestamp="16 Jan 2019 18:32:09 GMT" skipped="0">
  <testcase classname="com.uktd.qa.testcases.AgentToPurAgentFillTest" name="FullReportAgentToPurAgentFill" time="178.145"/>
</testsuite> <!-- com.uktd.qa.testcases.AgentToPurAgentFillTest -->
