<?xml version="1.0" encoding="UTF-8"?>
<!-- Generated by org.testng.reporters.JUnitReportReporter -->
<testsuite hostname="swapnil-PC" failures="0" tests="1" name="com.uktd.qa.testcases.Step2andSte4RefrenceCheck" time="210.591" errors="0" timestamp="26 Jan 2019 11:12:50 GMT" skipped="0">
  <testcase classname="com.uktd.qa.testcases.Step2andSte4RefrenceCheck" name="RefChekofLettingAgentAndLettingAgent" time="210.591"/>
</testsuite> <!-- com.uktd.qa.testcases.Step2andSte4RefrenceCheck -->
