<?xml version="1.0" encoding="UTF-8"?>
<!-- Generated by org.testng.reporters.JUnitReportReporter -->
<testsuite hostname="swapnil-PC" failures="0" tests="2" name="com.uktd.qa.testcases.LoginPageTest" time="258.347" errors="0" timestamp="13 Jan 2019 14:18:02 GMT" skipped="0">
  <testcase classname="com.uktd.qa.testcases.LoginPageTest" name="agentLoginPageFunction" time="134.986"/>
  <testcase classname="com.uktd.qa.testcases.LoginPageTest" name="processorLoginPageFunction" time="123.361"/>
</testsuite> <!-- com.uktd.qa.testcases.LoginPageTest -->
