<?xml version="1.0" encoding="UTF-8"?>
<!-- Generated by org.testng.reporters.JUnitReportReporter -->
<testsuite skipped="0" hostname="QA110" name="com.uktd.qa.testcases.AgentToPurAgentFillFRTest" tests="1" failures="0" timestamp="28 Jan 2019 14:48:43 GMT" time="68.559" errors="0">
  <testcase name="FullReportAgentToPurAgentFill" time="68.559" classname="com.uktd.qa.testcases.AgentToPurAgentFillFRTest"/>
</testsuite> <!-- com.uktd.qa.testcases.AgentToPurAgentFillFRTest -->
