<?xml version="1.0" encoding="UTF-8"?>
<!-- Generated by org.testng.reporters.JUnitReportReporter -->
<testsuite skipped="0" hostname="QA90" name="com.uktd.qa.testcases.AgentToPurAgentFillTest" tests="1" failures="0" timestamp="21 Jan 2019 14:40:37 GMT" time="74.569" errors="0">
  <testcase name="FullReportAgentToPurAgentFill" time="74.569" classname="com.uktd.qa.testcases.AgentToPurAgentFillTest"/>
</testsuite> <!-- com.uktd.qa.testcases.AgentToPurAgentFillTest -->
