<?xml version="1.0" encoding="UTF-8"?>
<!-- Generated by org.testng.reporters.JUnitReportReporter -->
<testsuite skipped="0" hostname="QA110" name="com.rc.qa.testcases.ManageServices" tests="1" failures="0" timestamp="04 Mar 2019 10:10:05 GMT" time="251.888" errors="0">
  <testcase name="manageServices" time="251.888" classname="com.rc.qa.testcases.ManageServices"/>
</testsuite> <!-- com.rc.qa.testcases.ManageServices -->
