<?xml version="1.0" encoding="UTF-8"?>
<!-- Generated by org.testng.reporters.JUnitReportReporter -->
<testsuite skipped="0" hostname="QA110" name="com.uktd.qa.testcases.AgentToPurAgentFillCRTest" tests="1" failures="0" timestamp="28 Jan 2019 14:48:43 GMT" time="44.383" errors="0">
  <testcase name="AgentToPurAgentFillCR" time="44.383" classname="com.uktd.qa.testcases.AgentToPurAgentFillCRTest"/>
</testsuite> <!-- com.uktd.qa.testcases.AgentToPurAgentFillCRTest -->
