<?xml version="1.0" encoding="UTF-8"?>
<!-- Generated by org.testng.reporters.JUnitReportReporter -->
<testsuite skipped="0" hostname="QA110" name="com.rc.qa.testcases.ScheduleAppointment" tests="1" failures="0" timestamp="13 Feb 2019 14:30:38 GMT" time="27.749" errors="0">
  <testcase name="schduleAppointment" time="27.749" classname="com.rc.qa.testcases.ScheduleAppointment"/>
</testsuite> <!-- com.rc.qa.testcases.ScheduleAppointment -->
