<?xml version="1.0" encoding="UTF-8"?>
<!-- Generated by org.testng.reporters.JUnitReportReporter -->
<testsuite hostname="swapnil-PC" failures="0" tests="3" name="com.uktd.qa.testcases.AddAgentTest" time="653.344" errors="0" timestamp="14 Jan 2019 18:33:22 GMT" skipped="0">
  <testcase classname="com.uktd.qa.testcases.AddAgentTest" name="addAgentTest" time="126.240"/>
  <testcase classname="com.uktd.qa.testcases.AddAgentTest" name="addAgentTest" time="299.920"/>
  <testcase classname="com.uktd.qa.testcases.AddAgentTest" name="addAgentTest" time="227.184"/>
</testsuite> <!-- com.uktd.qa.testcases.AddAgentTest -->
