<?xml version="1.0" encoding="UTF-8"?>
<!-- Generated by org.testng.reporters.JUnitReportReporter -->
<testsuite skipped="0" hostname="QA90" name="com.uktd.qa.testcases.AddAgentTest" tests="3" failures="0" timestamp="16 Jan 2019 11:37:09 GMT" time="94.614" errors="0">
  <testcase name="addAgentTest" time="32.942" classname="com.uktd.qa.testcases.AddAgentTest"/>
  <testcase name="addAgentTest" time="27.416" classname="com.uktd.qa.testcases.AddAgentTest"/>
  <testcase name="addAgentTest" time="34.256" classname="com.uktd.qa.testcases.AddAgentTest"/>
</testsuite> <!-- com.uktd.qa.testcases.AddAgentTest -->
