<?xml version="1.0" encoding="UTF-8"?>
<!-- Generated by org.testng.reporters.JUnitReportReporter -->
<testsuite skipped="0" hostname="QA110" name="com.uktd.qa.testcases.AdminLogin" tests="1" failures="0" timestamp="31 Jan 2019 11:58:15 GMT" time="20.510" errors="0">
  <testcase name="adminlogin" time="20.510" classname="com.uktd.qa.testcases.AdminLogin"/>
</testsuite> <!-- com.uktd.qa.testcases.AdminLogin -->
